Using pre-set license
Built from '2020.3/staging' branch; Version is '2020.3.43f1 (75bff06b76bf) revision 7716848'; Using compiler version '192528614'; Build Type 'Release'
OS: 'Windows 10  (10.0.19045) 64bit Professional' Language: 'tr' Physical Memory: 16151 MB
BatchMode: 1, IsHumanControllingUs: 0, StartBugReporterOnCrash: 0, Is64bit: 1, IsPro: 0

COMMAND LINE ARGUMENTS:
C:\Program Files\Unity\Hub\Editor\2020.3.43f1\Editor\Unity.exe
-adb2
-batchMode
-noUpm
-name
AssetImportWorker7
-projectPath
C:/Users/hp/My project (1)
-logFile
Logs/AssetImportWorker7.log
-srvPort
51164
Successfully changed project path to: C:/Users/hp/My project (1)
C:/Users/hp/My project (1)
Using Asset Import Pipeline V2.
Refreshing native plugins compatible for Editor in 36.69 ms, found 2 plugins.
Preloading 0 native plugins for Editor in 0.00 ms.
Initialize engine version: 2020.3.43f1 (75bff06b76bf)
[Subsystems] Discovering subsystems at path C:/Program Files/Unity/Hub/Editor/2020.3.43f1/Editor/Data/Resources/UnitySubsystems
[Subsystems] Discovering subsystems at path C:/Users/hp/My project (1)/Assets
GfxDevice: creating device client; threaded=0
Direct3D:
    Version:  Direct3D 11.0 [level 11.1]
    Renderer: NVIDIA GeForce RTX 2060 (ID=0x1f15)
    Vendor:   
    VRAM:     5968 MB
    Driver:   31.0.15.2824
Initialize mono
Mono path[0] = 'C:/Program Files/Unity/Hub/Editor/2020.3.43f1/Editor/Data/Managed'
Mono path[1] = 'C:/Program Files/Unity/Hub/Editor/2020.3.43f1/Editor/Data/MonoBleedingEdge/lib/mono/unityjit'
Mono config path = 'C:/Program Files/Unity/Hub/Editor/2020.3.43f1/Editor/Data/MonoBleedingEdge/etc'
Using monoOptions --debugger-agent=transport=dt_socket,embedding=1,server=y,suspend=n,address=127.0.0.1:56064
Begin MonoManager ReloadAssembly
Registering precompiled unity dll's ...
Register platform support module: C:/Program Files/Unity/Hub/Editor/2020.3.43f1/Editor/Data/PlaybackEngines/WindowsStandaloneSupport/UnityEditor.WindowsStandalone.Extensions.dll
Registered in 0.001564 seconds.
Native extension for WindowsStandalone target not found
Refreshing native plugins compatible for Editor in 30.74 ms, found 2 plugins.
Preloading 0 native plugins for Editor in 0.00 ms.
Mono: successfully reloaded assembly
- Completed reload, in  0.480 seconds
Domain Reload Profiling:
	ReloadAssembly (480ms)
		BeginReloadAssembly (52ms)
			ExecutionOrderSort (0ms)
			DisableScriptedObjects (0ms)
			BackupInstance (0ms)
			ReleaseScriptingObjects (0ms)
			CreateAndSetChildDomain (1ms)
		EndReloadAssembly (369ms)
			LoadAssemblies (50ms)
			RebuildTransferFunctionScriptingTraits (0ms)
			SetupTypeCache (126ms)
			ReleaseScriptCaches (0ms)
			RebuildScriptCaches (25ms)
			SetupLoadedEditorAssemblies (139ms)
				LogAssemblyErrors (0ms)
				InitializePlatformSupportModulesInManaged (4ms)
				SetLoadedEditorAssemblies (0ms)
				RefreshPlugins (31ms)
				BeforeProcessingInitializeOnLoad (7ms)
				ProcessInitializeOnLoadAttributes (72ms)
				ProcessInitializeOnLoadMethodAttributes (25ms)
				AfterProcessingInitializeOnLoad (0ms)
				EditorAssembliesLoaded (0ms)
			ExecutionOrderSort2 (0ms)
			AwakeInstancesAfterBackupRestoration (0ms)
Platform modules already initialized, skipping
Registering precompiled user dll's ...
Registered in 0.002327 seconds.
Begin MonoManager ReloadAssembly
Native extension for WindowsStandalone target not found
Refreshing native plugins compatible for Editor in 0.30 ms, found 2 plugins.
Preloading 0 native plugins for Editor in 0.00 ms.
Mono: successfully reloaded assembly
- Completed reload, in  0.828 seconds
Domain Reload Profiling:
	ReloadAssembly (829ms)
		BeginReloadAssembly (121ms)
			ExecutionOrderSort (0ms)
			DisableScriptedObjects (4ms)
			BackupInstance (0ms)
			ReleaseScriptingObjects (0ms)
			CreateAndSetChildDomain (16ms)
		EndReloadAssembly (657ms)
			LoadAssemblies (74ms)
			RebuildTransferFunctionScriptingTraits (0ms)
			SetupTypeCache (225ms)
			ReleaseScriptCaches (0ms)
			RebuildScriptCaches (34ms)
			SetupLoadedEditorAssemblies (262ms)
				LogAssemblyErrors (0ms)
				InitializePlatformSupportModulesInManaged (4ms)
				SetLoadedEditorAssemblies (0ms)
				RefreshPlugins (0ms)
				BeforeProcessingInitializeOnLoad (51ms)
				ProcessInitializeOnLoadAttributes (191ms)
				ProcessInitializeOnLoadMethodAttributes (11ms)
				AfterProcessingInitializeOnLoad (5ms)
				EditorAssembliesLoaded (0ms)
			ExecutionOrderSort2 (0ms)
			AwakeInstancesAfterBackupRestoration (2ms)
Platform modules already initialized, skipping
========================================================================
Worker process is ready to serve import requests
Launched and connected shader compiler UnityShaderCompiler.exe after 0.03 seconds
Refreshing native plugins compatible for Editor in 0.30 ms, found 2 plugins.
Preloading 0 native plugins for Editor in 0.00 ms.
Unloading 1532 Unused Serialized files (Serialized files now loaded: 0)
System memory in use before: 82.8 MB.
System memory in use after: 82.9 MB.

Unloading 17 unused Assets to reduce memory usage. Loaded Objects now: 1988.
Total: 2.266500 ms (FindLiveObjects: 0.104300 ms CreateObjectMapping: 0.041700 ms MarkObjects: 2.006600 ms  DeleteObjects: 0.113300 ms)

AssetImportParameters requested are different than current active one (requested -> active):
  custom:framework-win-MediaFoundation: 216162199b28c13a410421893ffa2e32 -> 
  custom:video-decoder-ogg-theora: a1e56fd34408186e4bbccfd4996cb3dc -> 
  custom:container-muxer-webm: aa71ff27fc2769a1b78a27578f13a17b -> 
  custom:container-demuxer-webm: 4f35f7cbe854078d1ac9338744f61a02 -> 
  custom:container-demuxer-ogg: 62fdf1f143b41e24485cea50d1cbac27 -> 
  custom:video-encoder-webm-vp8: eb34c28f22e8b96e1ab97ce403110664 -> 
  custom:video-decoder-webm-vp8: 9c59270c3fd7afecdb556c50c9e8de78 -> 
  custom:audio-decoder-ogg-vorbis: bf7c407c2cedff20999df2af8eb42d56 -> 
  custom:audio-encoder-webm-vorbis: bf7c407c2cedff20999df2af8eb42d56 -> 
========================================================================
Received Import Request.
  path: Assets/Terrain Textures Snow Free Samples/TerrainTex_Snow2_01_n.png
  artifactKey: Guid(164acba68d7644f628411115485c1268) Importer(815301076,1909f56bfc062723c751e8b465ee728b)
Start importing Assets/Terrain Textures Snow Free Samples/TerrainTex_Snow2_01_n.png using Guid(164acba68d7644f628411115485c1268) Importer(815301076,1909f56bfc062723c751e8b465ee728b)  -> (artifact id: '87cad19b06780bb3b29ed48b29e13a39') in 0.080141 seconds 
========================================================================
Received Import Request.
  Time since last request: 0.000155 seconds.
  path: Assets/Terrain Textures Snow Free Samples/TerrainTex_Snow1_04_n.png
  artifactKey: Guid(434da6fd3c054491d98beed6cfa79157) Importer(815301076,1909f56bfc062723c751e8b465ee728b)
Start importing Assets/Terrain Textures Snow Free Samples/TerrainTex_Snow1_04_n.png using Guid(434da6fd3c054491d98beed6cfa79157) Importer(815301076,1909f56bfc062723c751e8b465ee728b)  -> (artifact id: 'abd5f736bd5748bf528bf001961af2a5') in 0.027121 seconds 
========================================================================
Received Import Request.
  Time since last request: 0.000213 seconds.
  path: Assets/Terrain Textures Snow Free Samples/TerrainTex_Snow2_07_n.png
  artifactKey: Guid(541174477ab8e44eab339686af157141) Importer(815301076,1909f56bfc062723c751e8b465ee728b)
Start importing Assets/Terrain Textures Snow Free Samples/TerrainTex_Snow2_07_n.png using Guid(541174477ab8e44eab339686af157141) Importer(815301076,1909f56bfc062723c751e8b465ee728b)  -> (artifact id: 'e64867ead72bf0e7afcc5c302418aecd') in 0.024168 seconds 
========================================================================
Received Import Request.
  Time since last request: 0.000137 seconds.
  path: Assets/Terrain Textures Snow Free Samples/TerrainTex_Snow1_07_n.png
  artifactKey: Guid(19ea68a259b5a4815ad8cfe8d1bce1a7) Importer(815301076,1909f56bfc062723c751e8b465ee728b)
Start importing Assets/Terrain Textures Snow Free Samples/TerrainTex_Snow1_07_n.png using Guid(19ea68a259b5a4815ad8cfe8d1bce1a7) Importer(815301076,1909f56bfc062723c751e8b465ee728b)  -> (artifact id: '71e7112727fcff8bedd6d1fc546c47f3') in 0.027029 seconds 
========================================================================
Received Import Request.
  Time since last request: 15.466185 seconds.
  path: Assets/3D Cartoon Village/Scene/New Terrain.asset
  artifactKey: Guid(7da81eb9165fd40469697325b04180d0) Importer(815301076,1909f56bfc062723c751e8b465ee728b)
Start importing Assets/3D Cartoon Village/Scene/New Terrain.asset using Guid(7da81eb9165fd40469697325b04180d0) Importer(815301076,1909f56bfc062723c751e8b465ee728b) Received signal SIGSEGV
Stack trace:
0x00007ff651670cba (Unity) CreateAssetToGUIDMappingV2
0x00007ff651615180 (Unity) AssetDatabase::CreateAssetToGUIDMapping
0x00007ff650b86100 (Unity) SplatDatabase::CreateTerrainLayerAsset
0x00007ff650b84d50 (Unity) SplatDatabase::ConvertSplatsToTerrainLayers
0x00007ff650b81c3c (Unity) SplatDatabase::AwakeFromLoad
0x00007ff650bbfc16 (Unity) TerrainData::AwakeFromLoad
0x00007ff6507b93df (Unity) AwakeFromLoadQueue::InvokePersistentManagerAwake
0x00007ff6507b9d72 (Unity) AwakeFromLoadQueue::PersistentManagerAwakeFromLoad
0x00007ff6507b9ee3 (Unity) AwakeFromLoadQueue::PersistentManagerAwakeFromLoad
0x00007ff65078c144 (Unity) PersistentManager::IntegrateAllThreadedObjects
0x00007ff65078cc94 (Unity) PersistentManager::LoadAndIntegrateAllPreallocatedObjects
0x00007ff650790329 (Unity) PersistentManager::ReadObject
0x00007ff65160dbd1 (Unity) WritePreviews
0x00007ff651609921 (Unity) PreviewImporter::GenerateAssetData
0x00007ff6516ad493 (Unity) ImportToObjects
0x00007ff6516ac468 (Unity) ImportAsset
0x00007ff651645278 (Unity) AssetImportWorker::Import
0x00007ff65166aa4c (Unity) <lambda_6c894734dbee50c93f7912c8ad287316>::operator()
0x00007ff6516fa7b2 (Unity) asio::detail::completion_handler<core::mutable_function<void __cdecl(void)>,asio::io_context::basic_executor_type<std::allocator<void>,0> >::do_complete
0x00007ff6516e6652 (Unity) asio::detail::win_iocp_io_context::do_one
0x00007ff6516e8564 (Unity) asio::detail::win_iocp_io_context::run
0x00007ff6516f8aef (Unity) IOService::Run
0x00007ff6516947bb (Unity) RunAssetImportWorkerClientV2
0x00007ff651694810 (Unity) RunAssetImporterV2
0x00007ff651107a48 (Unity) Application::InitializeProject
0x00007ff65158a362 (Unity) WinMain
0x00007ff652c571ae (Unity) __scrt_common_main_seh
0x00007ffc544a7614 (KERNEL32) BaseThreadInitThunk
0x00007ffc54b426b1 (ntdll) RtlUserThreadStart

